<?xml version="1.0" encoding="UTF-8"?>
<testng-results ignored="0" total="1" passed="1" failed="0" skipped="0">
  <reporter-output>
  </reporter-output>
  <suite started-at="2021-05-21T15:37:34 CEST" name="Default suite" finished-at="2021-05-21T15:37:34 CEST" duration-ms="77">
    <groups>
    </groups>
    <test started-at="2021-05-21T15:37:34 CEST" name="Default test" finished-at="2021-05-21T15:37:34 CEST" duration-ms="77">
      <class name="com.app.TestCases.LoginTestCase">
        <test-method signature="verifymaventest()[pri:0, instance:com.app.TestCases.LoginTestCase@41c2284a]" started-at="2021-05-21T15:37:34 CEST" name="verifymaventest" finished-at="2021-05-21T15:37:34 CEST" duration-ms="13" status="PASS">
          <reporter-output>
          </reporter-output>
        </test-method> <!-- verifymaventest -->
      </class> <!-- com.app.TestCases.LoginTestCase -->
    </test> <!-- Default test -->
  </suite> <!-- Default suite -->
</testng-results>
